[18June2024 13:26:41.692] [main/INFO] [cpw.mods.modlauncher.Launcher/MODLAUNCHER]: ModLauncher running: args [--launchTarget, forgeserver, --fml.forgeVersion, 46.0.14, --fml.mcVersion, 1.20, --fml.forgeGroup, net.minecraftforge, --fml.mcpVersion, 20230608.053357, nogui]
[18June2024 13:26:41.695] [main/INFO] [cpw.mods.modlauncher.Launcher/MODLAUNCHER]: ModLauncher 10.0.8+10.0.8+main.0ef7e830 starting: java version 17.0.10 by Oracle Corporation; OS Windows 11 arch amd64 version 10.0
[18June2024 13:26:43.656] [main/INFO] [mixin/]: SpongePowered MIXIN Subsystem Version=0.8.5 Source=union:/D:/2.%20Development/0.%20Github/Mommers%20Co/GameHosting/BetterSMP/server/libraries/org/spongepowered/mixin/0.8.5/mixin-0.8.5.jar%2365!/ Service=ModLauncher Env=SERVER
[18June2024 13:26:43.948] [main/WARN] [net.minecraftforge.fml.loading.moddiscovery.ModFileParser/LOADING]: Mod file D:\2. Development\0. Github\Mommers Co\GameHosting\BetterSMP\server\libraries\net\minecraftforge\fmlcore\1.20-46.0.14\fmlcore-1.20-46.0.14.jar is missing mods.toml file
[18June2024 13:26:43.950] [main/WARN] [net.minecraftforge.fml.loading.moddiscovery.ModFileParser/LOADING]: Mod file D:\2. Development\0. Github\Mommers Co\GameHosting\BetterSMP\server\libraries\net\minecraftforge\javafmllanguage\1.20-46.0.14\javafmllanguage-1.20-46.0.14.jar is missing mods.toml file
[18June2024 13:26:43.951] [main/WARN] [net.minecraftforge.fml.loading.moddiscovery.ModFileParser/LOADING]: Mod file D:\2. Development\0. Github\Mommers Co\GameHosting\BetterSMP\server\libraries\net\minecraftforge\lowcodelanguage\1.20-46.0.14\lowcodelanguage-1.20-46.0.14.jar is missing mods.toml file
[18June2024 13:26:43.953] [main/WARN] [net.minecraftforge.fml.loading.moddiscovery.ModFileParser/LOADING]: Mod file D:\2. Development\0. Github\Mommers Co\GameHosting\BetterSMP\server\libraries\net\minecraftforge\mclanguage\1.20-46.0.14\mclanguage-1.20-46.0.14.jar is missing mods.toml file
[18June2024 13:26:44.086] [main/WARN] [net.minecraftforge.jarjar.selection.JarSelector/]: Attempted to select two dependency jars from JarJar which have the same identification: Mod File:  and Mod File: . Using Mod File: 
[18June2024 13:26:44.087] [main/INFO] [net.minecraftforge.fml.loading.moddiscovery.JarInJarDependencyLocator/]: Found 24 dependencies adding them to mods collection
[18June2024 13:26:44.129] [main/ERROR] [net.minecraftforge.fml.loading.LanguageLoadingProvider/LOADING]: Missing language javafml version [47,) wanted by kuma-api-forge-20.1.6+1.20.1.jar, found 46
[18June2024 13:26:44.129] [main/ERROR] [net.minecraftforge.fml.loading.LanguageLoadingProvider/LOADING]: Missing language javafml version [47,) wanted by create_peaceful-1.3.0-forge-1.20.1.jar, found 46
[18June2024 13:26:44.129] [main/ERROR] [net.minecraftforge.fml.loading.LanguageLoadingProvider/LOADING]: Missing language javafml version [47,) wanted by create_ad_astra_compat-forge-1.20.1-1.0.0.jar, found 46
[18June2024 13:26:44.129] [main/ERROR] [net.minecraftforge.fml.loading.LanguageLoadingProvider/LOADING]: Missing language javafml version [47,) wanted by emi_loot-0.6.6+1.20.1+forge.jar, found 46
[18June2024 13:26:44.129] [main/ERROR] [net.minecraftforge.fml.loading.LanguageLoadingProvider/LOADING]: Missing language javafml version [47,) wanted by emitrades-forge-1.2.0+mc1.20.1.jar, found 46
[18June2024 13:26:44.129] [main/ERROR] [net.minecraftforge.fml.loading.LanguageLoadingProvider/LOADING]: Missing language javafml version [47,) wanted by interiors-0.5.2+mc1.20.1-FORGE.jar, found 46
[18June2024 13:26:44.129] [main/ERROR] [net.minecraftforge.fml.loading.LanguageLoadingProvider/LOADING]: Missing language javafml version [47,) wanted by createframed-1.20.1-1.4.4.jar, found 46
[18June2024 13:26:44.130] [main/ERROR] [net.minecraftforge.fml.loading.LanguageLoadingProvider/LOADING]: Missing language javafml version [47,) wanted by create_deep_dark-1.2.0-forge-1.20.1.jar, found 46
[18June2024 13:26:44.130] [main/ERROR] [net.minecraftforge.fml.loading.LanguageLoadingProvider/LOADING]: Missing language javafml version [47,) wanted by create_ultimate_factory-1.5.1-forge-1.20.1.jar, found 46
[18June2024 13:26:44.130] [main/ERROR] [net.minecraftforge.fml.loading.LanguageLoadingProvider/LOADING]: Missing language javafml version [47,) wanted by create_gravity-1.20.1-1.1.0.jar, found 46
[18June2024 13:26:44.130] [main/ERROR] [net.minecraftforge.fml.loading.LanguageLoadingProvider/LOADING]: Missing language javafml version [47,) wanted by createaddition_plus-1.1.0.jar, found 46
[18June2024 13:26:44.130] [main/ERROR] [net.minecraftforge.fml.loading.LanguageLoadingProvider/LOADING]: Missing language javafml version [47,) wanted by NekosEnchantedBooks-1.20.1-1.8.0.jar, found 46
[18June2024 13:26:44.130] [main/ERROR] [net.minecraftforge.fml.loading.LanguageLoadingProvider/LOADING]: Missing language javafml version [47,) wanted by create_copper_and_zinc-1.4.0-forge-1.20.1.jar, found 46
[18June2024 13:26:44.131] [main/ERROR] [net.minecraftforge.fml.loading.LanguageLoadingProvider/LOADING]: Missing language javafml version [47,) wanted by create-1.20.1-0.5.1.f.jar, found 46
[18June2024 13:26:44.131] [main/ERROR] [net.minecraftforge.fml.loading.LanguageLoadingProvider/LOADING]: Missing language javafml version [47,) wanted by create_wt-forge-1.20.1-1.0.6.jar, found 46
[18June2024 13:26:44.131] [main/ERROR] [net.minecraftforge.fml.loading.LanguageLoadingProvider/LOADING]: Missing language javafml version [47,) wanted by Create Sweets And Treats 1.1.jar, found 46
[18June2024 13:26:44.132] [main/ERROR] [net.minecraftforge.fml.loading.LanguageLoadingProvider/LOADING]: Missing language javafml version [47,) wanted by flywheel-forge-1.20.1-0.6.10-7.jar, found 46
[18June2024 13:26:44.132] [main/ERROR] [net.minecraftforge.fml.loading.LanguageLoadingProvider/LOADING]: Missing language javafml version [47,) wanted by yet-another-config-lib-forge-3.2.2+1.20.jar, found 46
[18June2024 13:26:44.136] [main/ERROR] [net.minecraftforge.fml.loading.ModSorter/LOADING]: Missing or unsupported mandatory dependencies:
	Mod ID: 'sliceanddice', Requested by: 'biomimicry', Expected range: '[3.1.1,)', Actual version: '[MISSING]'
	Mod ID: 'minecraft', Requested by: 'chiselsandbits', Expected range: '[1.20.1,1.20.1]', Actual version: '1.20'
	Mod ID: 'playeranimator', Requested by: 'combatroll', Expected range: '[1,)', Actual version: '[MISSING]'
	Mod ID: 'minecraft', Requested by: 'create_stuff_additions', Expected range: '[1.16.5,1.16.5]', Actual version: '1.20'
	Mod ID: 'minecraft', Requested by: 'createaddition', Expected range: '[1.19.2,1.20)', Actual version: '1.20'
	Mod ID: 'create', Requested by: 'molten_vents', Expected range: '[v0.5.1c,)', Actual version: '[MISSING]'
	Mod ID: 'forge', Requested by: 'farmersdelight', Expected range: '[47.1.0,)', Actual version: '46.0.14'
	Mod ID: 'konkrete', Requested by: 'fancymenu', Expected range: '[1.6.0,)', Actual version: '[MISSING]'
	Mod ID: 'forge', Requested by: 'biomimicry', Expected range: '[47.1,)', Actual version: '46.0.14'
	Mod ID: 'createsifter', Requested by: 'biomimicry', Expected range: '[1.7.2.d-9,)', Actual version: '[MISSING]'
	Mod ID: 'forge', Requested by: 'chiselsandbits', Expected range: '[47.1.3,)', Actual version: '46.0.14'
	Mod ID: 'create', Requested by: 'createaddition', Expected range: '[0.5.1.e,0.5.2)', Actual version: '[MISSING]'
	Mod ID: 'create', Requested by: 'create_more_recipies', Expected range: '[0.5.1.e,0.5.1.f]', Actual version: '[MISSING]'
	Mod ID: 'forge', Requested by: 'bettercombat', Expected range: '[48,)', Actual version: '46.0.14'
	Mod ID: 'create', Requested by: 'biomimicry', Expected range: '[0.5.1,)', Actual version: '[MISSING]'
	Mod ID: 'create', Requested by: 'create_stuff_additions', Expected range: '[0,)', Actual version: '[MISSING]'
	Mod ID: 'playeranimator', Requested by: 'bettercombat', Expected range: '[1,)', Actual version: '[MISSING]'
[18June2024 13:26:45.155] [main/INFO] [mixin/]: Compatibility level set to JAVA_17
[18June2024 13:26:45.181] [main/ERROR] [mixin/]: Mixin config emi.mixins.json does not specify "minVersion" property
[18June2024 13:26:45.182] [main/ERROR] [mixin/]: Mixin config emi-forge.mixins.json does not specify "minVersion" property
[18June2024 13:26:45.200] [main/INFO] [cpw.mods.modlauncher.LaunchServiceHandler/MODLAUNCHER]: Launching target 'forgeserver' with arguments [nogui]
[18June2024 13:26:45.332] [main/WARN] [mixin/]: Reference map 'emi-forge-refmap.json' for emi-forge.mixins.json could not be read. If this is a development environment you can ignore this message
[18June2024 13:26:45.353] [main/WARN] [mixin/]: Reference map 'chiselsandbits.refmap.json' for chisels-and-bits.mixins.json could not be read. If this is a development environment you can ignore this message
[18June2024 13:26:45.355] [main/WARN] [mixin/]: Reference map 'cristellib-common-refmap.json' for cristellib-common.mixins.json could not be read. If this is a development environment you can ignore this message
[18June2024 13:26:45.355] [main/WARN] [mixin/]: Reference map 'cristellib-forge-refmap.json' for cristellib.mixins.json could not be read. If this is a development environment you can ignore this message
[18June2024 13:26:45.543] [main/ERROR] [net.minecraftforge.fml.loading.RuntimeDistCleaner/DISTXFORM]: Attempted to load class vectorwing/farmersdelight/client/renderer/CanvasSignRenderer for invalid dist DEDICATED_SERVER
[18June2024 13:26:45.832] [main/WARN] [mixin/]: Error loading class: com/hollingsworth/arsnouveau/common/entity/LightningEntity (java.lang.ClassNotFoundException: com.hollingsworth.arsnouveau.common.entity.LightningEntity)
[18June2024 13:26:45.833] [main/WARN] [mixin/]: @Mixin target com.hollingsworth.arsnouveau.common.entity.LightningEntity was not found lychee.mixins.json:arsnouveau.LightningEntityMixin
[18June2024 13:26:45.834] [main/WARN] [mixin/]: Error loading class: me/shedaniel/rei/plugin/common/displays/crafting/DefaultCraftingDisplay (java.lang.ClassNotFoundException: me.shedaniel.rei.plugin.common.displays.crafting.DefaultCraftingDisplay)
[18June2024 13:26:45.834] [main/WARN] [mixin/]: @Mixin target me.shedaniel.rei.plugin.common.displays.crafting.DefaultCraftingDisplay was not found lychee.mixins.json:rei.DefaultCraftingDisplayMixin
[18June2024 13:26:45.836] [main/WARN] [mixin/]: Error loading class: com/simibubi/create/content/contraptions/BlockMovementChecks (java.lang.ClassNotFoundException: com.simibubi.create.content.contraptions.BlockMovementChecks)
[18June2024 13:26:45.836] [main/WARN] [mixin/]: @Mixin target com.simibubi.create.content.contraptions.BlockMovementChecks was not found createaddition.mixins.json:BlockMovementChecksMixin
[18June2024 13:26:45.837] [main/WARN] [mixin/]: Error loading class: com/simibubi/create/content/contraptions/Contraption (java.lang.ClassNotFoundException: com.simibubi.create.content.contraptions.Contraption)
[18June2024 13:26:45.837] [main/WARN] [mixin/]: @Mixin target com.simibubi.create.content.contraptions.Contraption was not found createaddition.mixins.json:ContraptionMixin
[18June2024 13:26:45.837] [main/WARN] [mixin/]: Error loading class: com/simibubi/create/content/kinetics/speedController/SpeedControllerBlockEntity (java.lang.ClassNotFoundException: com.simibubi.create.content.kinetics.speedController.SpeedControllerBlockEntity)
[18June2024 13:26:45.838] [main/WARN] [mixin/]: @Mixin target com.simibubi.create.content.kinetics.speedController.SpeedControllerBlockEntity was not found createaddition.mixins.json:SpeedControllerTileEntityMixin
[18June2024 13:26:45.888] [main/ERROR] [net.minecraftforge.fml.loading.RuntimeDistCleaner/DISTXFORM]: Attempted to load class vectorwing/farmersdelight/client/renderer/CanvasSignRenderer for invalid dist DEDICATED_SERVER
[18June2024 13:26:45.889] [main/WARN] [mixin/]: Error loading class: vectorwing/farmersdelight/client/renderer/CanvasSignRenderer (java.lang.RuntimeException: Attempted to load class vectorwing/farmersdelight/client/renderer/CanvasSignRenderer for invalid dist DEDICATED_SERVER)
[18June2024 13:26:45.889] [main/WARN] [mixin/]: Error loading class: net/minecraft/client/renderer/blockentity/SignRenderer (java.lang.ClassNotFoundException: net.minecraft.client.renderer.blockentity.SignRenderer)
[18June2024 13:26:45.890] [main/ERROR] [mixin/]: Cannot invoke "org.spongepowered.asm.mixin.transformer.ClassInfo.isMixin()" because "superClass" is null
java.lang.NullPointerException: Cannot invoke "org.spongepowered.asm.mixin.transformer.ClassInfo.isMixin()" because "superClass" is null
	at org.spongepowered.asm.mixin.transformer.MixinInfo$SubType$Standard.validate(MixinInfo.java:581) ~[mixin-0.8.5.jar%2365!/:0.8.5+Jenkins-b310.git-155314e6e91465dad727e621a569906a410cd6f4]
	at org.spongepowered.asm.mixin.transformer.MixinInfo$State.validate(MixinInfo.java:327) ~[mixin-0.8.5.jar%2365!/:0.8.5+Jenkins-b310.git-155314e6e91465dad727e621a569906a410cd6f4]
	at org.spongepowered.asm.mixin.transformer.MixinInfo.validate(MixinInfo.java:913) ~[mixin-0.8.5.jar%2365!/:0.8.5+Jenkins-b310.git-155314e6e91465dad727e621a569906a410cd6f4]
	at org.spongepowered.asm.mixin.transformer.MixinConfig.postInitialise(MixinConfig.java:801) ~[mixin-0.8.5.jar%2365!/:0.8.5+Jenkins-b310.git-155314e6e91465dad727e621a569906a410cd6f4]
	at org.spongepowered.asm.mixin.transformer.MixinProcessor.prepareConfigs(MixinProcessor.java:567) ~[mixin-0.8.5.jar%2365!/:0.8.5+Jenkins-b310.git-155314e6e91465dad727e621a569906a410cd6f4]
	at org.spongepowered.asm.mixin.transformer.MixinProcessor.select(MixinProcessor.java:462) ~[mixin-0.8.5.jar%2365!/:0.8.5+Jenkins-b310.git-155314e6e91465dad727e621a569906a410cd6f4]
	at org.spongepowered.asm.mixin.transformer.MixinProcessor.checkSelect(MixinProcessor.java:438) ~[mixin-0.8.5.jar%2365!/:0.8.5+Jenkins-b310.git-155314e6e91465dad727e621a569906a410cd6f4]
	at org.spongepowered.asm.mixin.transformer.MixinProcessor.applyMixins(MixinProcessor.java:290) ~[mixin-0.8.5.jar%2365!/:0.8.5+Jenkins-b310.git-155314e6e91465dad727e621a569906a410cd6f4]
	at org.spongepowered.asm.mixin.transformer.MixinTransformer.transformClass(MixinTransformer.java:250) ~[mixin-0.8.5.jar%2365!/:0.8.5+Jenkins-b310.git-155314e6e91465dad727e621a569906a410cd6f4]
	at org.spongepowered.asm.service.modlauncher.MixinTransformationHandler.processClass(MixinTransformationHandler.java:131) ~[mixin-0.8.5.jar%2365!/:0.8.5+Jenkins-b310.git-155314e6e91465dad727e621a569906a410cd6f4]
	at org.spongepowered.asm.launch.MixinLaunchPluginLegacy.processClass(MixinLaunchPluginLegacy.java:131) ~[mixin-0.8.5.jar%2365!/:0.8.5+Jenkins-b310.git-155314e6e91465dad727e621a569906a410cd6f4]
	at cpw.mods.modlauncher.serviceapi.ILaunchPluginService.processClassWithFlags(ILaunchPluginService.java:156) ~[modlauncher-10.0.8.jar%2355!/:10.0.8+10.0.8+main.0ef7e830]
	at cpw.mods.modlauncher.LaunchPluginHandler.offerClassNodeToPlugins(LaunchPluginHandler.java:88) ~[modlauncher-10.0.8.jar%2355!/:?]
	at cpw.mods.modlauncher.ClassTransformer.transform(ClassTransformer.java:120) ~[modlauncher-10.0.8.jar%2355!/:?]
	at cpw.mods.modlauncher.TransformingClassLoader.maybeTransformClassBytes(TransformingClassLoader.java:50) ~[modlauncher-10.0.8.jar%2355!/:?]
	at cpw.mods.cl.ModuleClassLoader.readerToClass(ModuleClassLoader.java:113) ~[securejarhandler-2.1.6.jar:?]
	at cpw.mods.cl.ModuleClassLoader.lambda$findClass$15(ModuleClassLoader.java:219) ~[securejarhandler-2.1.6.jar:?]
	at cpw.mods.cl.ModuleClassLoader.loadFromModule(ModuleClassLoader.java:229) ~[securejarhandler-2.1.6.jar:?]
	at cpw.mods.cl.ModuleClassLoader.findClass(ModuleClassLoader.java:219) ~[securejarhandler-2.1.6.jar:?]
	at java.lang.ClassLoader.loadClass(ClassLoader.java:632) ~[?:?]
	at java.lang.Class.forName(Class.java:545) ~[?:?]
	at net.minecraftforge.fml.loading.targets.CommonServerLaunchHandler.lambda$launchService$0(CommonServerLaunchHandler.java:30) ~[fmlloader-1.20-46.0.14.jar%2369!/:?]
	at cpw.mods.modlauncher.LaunchServiceHandlerDecorator.launch(LaunchServiceHandlerDecorator.java:30) ~[modlauncher-10.0.8.jar%2355!/:?]
	at cpw.mods.modlauncher.LaunchServiceHandler.launch(LaunchServiceHandler.java:53) ~[modlauncher-10.0.8.jar%2355!/:?]
	at cpw.mods.modlauncher.LaunchServiceHandler.launch(LaunchServiceHandler.java:71) ~[modlauncher-10.0.8.jar%2355!/:?]
	at cpw.mods.modlauncher.Launcher.run(Launcher.java:106) ~[modlauncher-10.0.8.jar%2355!/:?]
	at cpw.mods.modlauncher.Launcher.main(Launcher.java:77) ~[modlauncher-10.0.8.jar%2355!/:?]
	at cpw.mods.modlauncher.BootstrapLaunchConsumer.accept(BootstrapLaunchConsumer.java:26) ~[modlauncher-10.0.8.jar%2355!/:?]
	at cpw.mods.modlauncher.BootstrapLaunchConsumer.accept(BootstrapLaunchConsumer.java:23) ~[modlauncher-10.0.8.jar%2355!/:?]
	at cpw.mods.bootstraplauncher.BootstrapLauncher.main(BootstrapLauncher.java:141) ~[bootstraplauncher-1.1.2.jar:?]
[18June2024 13:26:45.933] [main/INFO] [MixinExtras|Service/]: Initializing MixinExtras via com.llamalad7.mixinextras.service.MixinExtrasServiceImpl(version=0.2.0).
[18June2024 13:26:45.995] [main/INFO] [mixin/]: Mixing server.MixinDedicatedServer from mixins/common/nochatreports.mixins.json into net.minecraft.server.dedicated.DedicatedServer
[18June2024 13:26:48.413] [main/INFO] [mixin/]: Mixing common.MixinFriendlyByteBuf from mixins/common/nochatreports.mixins.json into net.minecraft.network.FriendlyByteBuf
[18June2024 13:26:48.448] [main/INFO] [mixin/]: Renaming synthetic method lambda$onWriteJsonWithCodec$1(Ljava/lang/Object;Ljava/lang/String;)Lio/netty/handler/codec/EncoderException; to mdb5d26a$lambda$onWriteJsonWithCodec$1$0 in mixins/common/nochatreports.mixins.json:common.MixinFriendlyByteBuf
[18June2024 13:26:48.448] [main/INFO] [mixin/]: Renaming synthetic method lambda$onReadJsonWithCodec$0(Ljava/lang/String;)Lio/netty/handler/codec/DecoderException; to mdb5d26a$lambda$onReadJsonWithCodec$0$1 in mixins/common/nochatreports.mixins.json:common.MixinFriendlyByteBuf
[18June2024 13:26:48.590] [main/INFO] [mixin/]: Mixing server.MixinServerGamePacketListenerImpl from mixins/common/nochatreports.mixins.json into net.minecraft.server.network.ServerGamePacketListenerImpl
[18June2024 13:26:49.132] [main/FATAL] [net.minecraftforge.fml.ModLoader/CORE]: Error during pre-loading phase
net.minecraftforge.fml.ModLoadingException: Mod §ebiomimicry§r requires §6sliceanddice§r §o3.1.1 or above§r
§7Currently, §6sliceanddice§r§7 is §o§nnot installed
	at net.minecraftforge.fml.ModLoadingException.lambda$fromEarlyException$0(ModLoadingException.java:50) ~[fmlcore-1.20-46.0.14.jar%23294!/:?]
	at java.util.stream.ReferencePipeline$3$1.accept(ReferencePipeline.java:197) ~[?:?]
	at java.util.AbstractList$RandomAccessSpliterator.forEachRemaining(AbstractList.java:720) ~[?:?]
	at java.util.stream.AbstractPipeline.copyInto(AbstractPipeline.java:509) ~[?:?]
	at java.util.stream.AbstractPipeline.wrapAndCopyInto(AbstractPipeline.java:499) ~[?:?]
	at java.util.stream.ForEachOps$ForEachOp.evaluateSequential(ForEachOps.java:150) ~[?:?]
	at java.util.stream.ForEachOps$ForEachOp$OfRef.evaluateSequential(ForEachOps.java:173) ~[?:?]
	at java.util.stream.AbstractPipeline.evaluate(AbstractPipeline.java:234) ~[?:?]
	at java.util.stream.ReferencePipeline.forEach(ReferencePipeline.java:596) ~[?:?]
	at java.util.stream.ReferencePipeline$7$1.accept(ReferencePipeline.java:276) ~[?:?]
	at java.util.ArrayList$ArrayListSpliterator.forEachRemaining(ArrayList.java:1625) ~[?:?]
	at java.util.stream.AbstractPipeline.copyInto(AbstractPipeline.java:509) ~[?:?]
	at java.util.stream.AbstractPipeline.wrapAndCopyInto(AbstractPipeline.java:499) ~[?:?]
	at java.util.stream.ReduceOps$ReduceOp.evaluateSequential(ReduceOps.java:921) ~[?:?]
	at java.util.stream.AbstractPipeline.evaluate(AbstractPipeline.java:234) ~[?:?]
	at java.util.stream.ReferencePipeline.collect(ReferencePipeline.java:682) ~[?:?]
	at net.minecraftforge.fml.ModLoader.<init>(ModLoader.java:94) ~[fmlcore-1.20-46.0.14.jar%23294!/:?]
	at net.minecraftforge.fml.ModLoader.get(ModLoader.java:126) ~[fmlcore-1.20-46.0.14.jar%23294!/:?]
	at net.minecraftforge.server.loading.ServerModLoader.load(ServerModLoader.java:32) ~[forge-1.20-46.0.14-universal.jar%23298!/:?]
	at net.minecraft.server.Main.main(Main.java:125) ~[server-1.20-20230608.053357-srg.jar%23293!/:?]
	at jdk.internal.reflect.NativeMethodAccessorImpl.invoke0(Native Method) ~[?:?]
	at jdk.internal.reflect.NativeMethodAccessorImpl.invoke(NativeMethodAccessorImpl.java:77) ~[?:?]
	at jdk.internal.reflect.DelegatingMethodAccessorImpl.invoke(DelegatingMethodAccessorImpl.java:43) ~[?:?]
	at java.lang.reflect.Method.invoke(Method.java:568) ~[?:?]
	at net.minecraftforge.fml.loading.targets.CommonServerLaunchHandler.lambda$launchService$0(CommonServerLaunchHandler.java:30) ~[fmlloader-1.20-46.0.14.jar%2369!/:?]
	at cpw.mods.modlauncher.LaunchServiceHandlerDecorator.launch(LaunchServiceHandlerDecorator.java:30) ~[modlauncher-10.0.8.jar%2355!/:?]
	at cpw.mods.modlauncher.LaunchServiceHandler.launch(LaunchServiceHandler.java:53) ~[modlauncher-10.0.8.jar%2355!/:?]
	at cpw.mods.modlauncher.LaunchServiceHandler.launch(LaunchServiceHandler.java:71) ~[modlauncher-10.0.8.jar%2355!/:?]
	at cpw.mods.modlauncher.Launcher.run(Launcher.java:106) ~[modlauncher-10.0.8.jar%2355!/:?]
	at cpw.mods.modlauncher.Launcher.main(Launcher.java:77) ~[modlauncher-10.0.8.jar%2355!/:?]
	at cpw.mods.modlauncher.BootstrapLaunchConsumer.accept(BootstrapLaunchConsumer.java:26) ~[modlauncher-10.0.8.jar%2355!/:?]
	at cpw.mods.modlauncher.BootstrapLaunchConsumer.accept(BootstrapLaunchConsumer.java:23) ~[modlauncher-10.0.8.jar%2355!/:?]
	at cpw.mods.bootstraplauncher.BootstrapLauncher.main(BootstrapLauncher.java:141) ~[bootstraplauncher-1.1.2.jar:?]
[18June2024 13:26:49.269] [main/FATAL] [net.minecraftforge.server.loading.ServerModLoader/]: Crash report saved to .\crash-reports\crash-2024-06-18_13.26.49-fml.txt
[18June2024 13:26:49.273] [main/ERROR] [net.minecraft.server.Main/FATAL]: Failed to start the minecraft server
net.minecraftforge.fml.LoadingFailedException: Loading errors encountered: [
	Mod §ebiomimicry§r requires §6sliceanddice§r §o3.1.1 or above§r
§7Currently, §6sliceanddice§r§7 is §o§nnot installed,
	Mod §echiselsandbits§r requires §6minecraft§r §o1.20.1§r
§7Currently, §6minecraft§r§7 is §o1.20,
	Mod §ecombatroll§r requires §6playeranimator§r §o1 or above§r
§7Currently, §6playeranimator§r§7 is §o§nnot installed,
	Mod §ecreate_stuff_additions§r requires §6minecraft§r §o1.16.5§r
§7Currently, §6minecraft§r§7 is §o1.20,
	Mod §ecreateaddition§r requires §6minecraft§r §o1.19.2 or above, and below 1.20§r
§7Currently, §6minecraft§r§7 is §o1.20,
	Mod §emolten_vents§r requires §6create§r §ov0.5.1c or above§r
§7Currently, §6create§r§7 is §o§nnot installed,
	Mod §efarmersdelight§r requires §6forge§r §o47.1.0 or above§r
§7Currently, §6forge§r§7 is §o46.0.14,
	Mod §efancymenu§r requires §6konkrete§r §o1.6.0 or above§r
§7Currently, §6konkrete§r§7 is §o§nnot installed,
	Mod §ebiomimicry§r requires §6forge§r §o47.1 or above§r
§7Currently, §6forge§r§7 is §o46.0.14,
	Mod §ebiomimicry§r requires §6createsifter§r §o1.7.2.d-9 or above§r
§7Currently, §6createsifter§r§7 is §o§nnot installed,
	Mod §echiselsandbits§r requires §6forge§r §o47.1.3 or above§r
§7Currently, §6forge§r§7 is §o46.0.14,
	Mod §ecreateaddition§r requires §6create§r §o0.5.1.e or above, and below 0.5.2§r
§7Currently, §6create§r§7 is §o§nnot installed,
	Mod §ecreate_more_recipies§r requires §6create§r §obetween 0.5.1.e and 0.5.1.f (inclusive)§r
§7Currently, §6create§r§7 is §o§nnot installed,
	Mod §ebettercombat§r requires §6forge§r §o48 or above§r
§7Currently, §6forge§r§7 is §o46.0.14,
	Mod §ebiomimicry§r requires §6create§r §o0.5.1 or above§r
§7Currently, §6create§r§7 is §o§nnot installed,
	Mod §ecreate_stuff_additions§r requires §6create§r §o0 or above§r
§7Currently, §6create§r§7 is §o§nnot installed,
	Mod §ebettercombat§r requires §6playeranimator§r §o1 or above§r
§7Currently, §6playeranimator§r§7 is §o§nnot installed,
	Mod File kuma-api-forge-20.1.6+1.20.1.jar needs language provider javafml:47 or above to load
§7We have found 46,
	Mod File create_peaceful-1.3.0-forge-1.20.1.jar needs language provider javafml:47 or above to load
§7We have found 46,
	Mod File create_ad_astra_compat-forge-1.20.1-1.0.0.jar needs language provider javafml:47 or above to load
§7We have found 46,
	Mod File emi_loot-0.6.6+1.20.1+forge.jar needs language provider javafml:47 or above to load
§7We have found 46,
	Mod File emitrades-forge-1.2.0+mc1.20.1.jar needs language provider javafml:47 or above to load
§7We have found 46,
	Mod File interiors-0.5.2+mc1.20.1-FORGE.jar needs language provider javafml:47 or above to load
§7We have found 46,
	Mod File createframed-1.20.1-1.4.4.jar needs language provider javafml:47 or above to load
§7We have found 46,
	Mod File create_deep_dark-1.2.0-forge-1.20.1.jar needs language provider javafml:47 or above to load
§7We have found 46,
	Mod File create_ultimate_factory-1.5.1-forge-1.20.1.jar needs language provider javafml:47 or above to load
§7We have found 46,
	Mod File create_gravity-1.20.1-1.1.0.jar needs language provider javafml:47 or above to load
§7We have found 46,
	Mod File createaddition_plus-1.1.0.jar needs language provider javafml:47 or above to load
§7We have found 46,
	Mod File NekosEnchantedBooks-1.20.1-1.8.0.jar needs language provider javafml:47 or above to load
§7We have found 46,
	Mod File create_copper_and_zinc-1.4.0-forge-1.20.1.jar needs language provider javafml:47 or above to load
§7We have found 46,
	Mod File create-1.20.1-0.5.1.f.jar needs language provider javafml:47 or above to load
§7We have found 46,
	Mod File create_wt-forge-1.20.1-1.0.6.jar needs language provider javafml:47 or above to load
§7We have found 46,
	Mod File Create Sweets And Treats 1.1.jar needs language provider javafml:47 or above to load
§7We have found 46,
	Mod File flywheel-forge-1.20.1-0.6.10-7.jar needs language provider javafml:47 or above to load
§7We have found 46,
	Mod File yet-another-config-lib-forge-3.2.2+1.20.jar needs language provider javafml:47 or above to load
§7We have found 46
]
	at net.minecraftforge.fml.ModLoader.gatherAndInitializeMods(ModLoader.java:147) ~[fmlcore-1.20-46.0.14.jar%23294!/:?]
	at net.minecraftforge.server.loading.ServerModLoader.load(ServerModLoader.java:32) ~[forge-1.20-46.0.14-universal.jar%23298!/:?]
	at net.minecraft.server.Main.main(Main.java:125) ~[server-1.20-20230608.053357-srg.jar%23293!/:?]
	at jdk.internal.reflect.NativeMethodAccessorImpl.invoke0(Native Method) ~[?:?]
	at jdk.internal.reflect.NativeMethodAccessorImpl.invoke(NativeMethodAccessorImpl.java:77) ~[?:?]
	at jdk.internal.reflect.DelegatingMethodAccessorImpl.invoke(DelegatingMethodAccessorImpl.java:43) ~[?:?]
	at java.lang.reflect.Method.invoke(Method.java:568) ~[?:?]
	at net.minecraftforge.fml.loading.targets.CommonServerLaunchHandler.lambda$launchService$0(CommonServerLaunchHandler.java:30) ~[fmlloader-1.20-46.0.14.jar%2369!/:?]
	at cpw.mods.modlauncher.LaunchServiceHandlerDecorator.launch(LaunchServiceHandlerDecorator.java:30) ~[modlauncher-10.0.8.jar%2355!/:?]
	at cpw.mods.modlauncher.LaunchServiceHandler.launch(LaunchServiceHandler.java:53) ~[modlauncher-10.0.8.jar%2355!/:?]
	at cpw.mods.modlauncher.LaunchServiceHandler.launch(LaunchServiceHandler.java:71) ~[modlauncher-10.0.8.jar%2355!/:?]
	at cpw.mods.modlauncher.Launcher.run(Launcher.java:106) ~[modlauncher-10.0.8.jar%2355!/:?]
	at cpw.mods.modlauncher.Launcher.main(Launcher.java:77) ~[modlauncher-10.0.8.jar%2355!/:?]
	at cpw.mods.modlauncher.BootstrapLaunchConsumer.accept(BootstrapLaunchConsumer.java:26) ~[modlauncher-10.0.8.jar%2355!/:?]
	at cpw.mods.modlauncher.BootstrapLaunchConsumer.accept(BootstrapLaunchConsumer.java:23) ~[modlauncher-10.0.8.jar%2355!/:?]
	at cpw.mods.bootstraplauncher.BootstrapLauncher.main(BootstrapLauncher.java:141) ~[bootstraplauncher-1.1.2.jar:?]
